<?xml version="1.0" encoding="UTF-8"?>
<!-- Generated by org.testng.reporters.JUnitReportReporter -->
<testsuite skipped="0" hostname="LAPTOP-QLD5DGRQ" name="com.newtours.tests.BookFlightTest" tests="20" failures="0" timestamp="17 Oct 2021 13:36:50 GMT" time="48.569" errors="0">
  <testcase name="flightDetailsPage" time="2.369" classname="com.newtours.tests.BookFlightTest"/>
  <testcase name="flightConfirmationPage" time="0.953" classname="com.newtours.tests.BookFlightTest"/>
  <testcase name="flightConfirmationPage" time="0.743" classname="com.newtours.tests.BookFlightTest"/>
  <testcase name="flightConfirmationPage" time="0.833" classname="com.newtours.tests.BookFlightTest"/>
  <testcase name="findFlightPage" time="0.791" classname="com.newtours.tests.BookFlightTest"/>
  <testcase name="findFlightPage" time="1.258" classname="com.newtours.tests.BookFlightTest"/>
  <testcase name="flightDetailsPage" time="2.181" classname="com.newtours.tests.BookFlightTest"/>
  <testcase name="registrationPage" time="8.968" classname="com.newtours.tests.BookFlightTest"/>
  <testcase name="registrationConfirmationPage" time="0.398" classname="com.newtours.tests.BookFlightTest"/>
  <testcase name="flightConfirmationPage" time="0.804" classname="com.newtours.tests.BookFlightTest"/>
  <testcase name="registrationConfirmationPage" time="0.391" classname="com.newtours.tests.BookFlightTest"/>
  <testcase name="registrationConfirmationPage" time="0.508" classname="com.newtours.tests.BookFlightTest"/>
  <testcase name="findFlightPage" time="0.939" classname="com.newtours.tests.BookFlightTest"/>
  <testcase name="registrationConfirmationPage" time="0.342" classname="com.newtours.tests.BookFlightTest"/>
  <testcase name="findFlightPage" time="1.160" classname="com.newtours.tests.BookFlightTest"/>
  <testcase name="registrationPage" time="7.189" classname="com.newtours.tests.BookFlightTest"/>
  <testcase name="flightDetailsPage" time="2.321" classname="com.newtours.tests.BookFlightTest"/>
  <testcase name="registrationPage" time="7.347" classname="com.newtours.tests.BookFlightTest"/>
  <testcase name="flightDetailsPage" time="2.401" classname="com.newtours.tests.BookFlightTest"/>
  <testcase name="registrationPage" time="6.673" classname="com.newtours.tests.BookFlightTest"/>
</testsuite> <!-- com.newtours.tests.BookFlightTest -->
