<?xml version="1.0" encoding="UTF-8"?>
<!-- Generated by org.testng.reporters.JUnitReportReporter -->
<testsuite skipped="0" hostname="LAPTOP-QLD5DGRQ" name="com.searchmodule.tests.SearchTest" tests="4" failures="0" timestamp="17 Oct 2021 16:14:02 GMT" time="18.594" errors="0">
  <testcase name="search" time="5.133" classname="com.searchmodule.tests.SearchTest"/>
  <testcase name="search" time="4.036" classname="com.searchmodule.tests.SearchTest"/>
  <testcase name="search" time="5.088" classname="com.searchmodule.tests.SearchTest"/>
  <testcase name="search" time="4.337" classname="com.searchmodule.tests.SearchTest"/>
</testsuite> <!-- com.searchmodule.tests.SearchTest -->
